This is pdfTeX, Version 3.14159265-2.6-1.40.17 (TeX Live 2016) (preloaded format=pdflatex 2017.3.12)  3 APR 2017 15:34
entering extended mode
 restricted \write18 enabled.
 %&-line parsing enabled.
**document.tex
(./document.tex
LaTeX2e <2017/01/01> patch level 3
Babel <3.9r> and hyphenation patterns for 83 language(s) loaded.
(/usr/local/texlive/2016/texmf-dist/tex/latex/tudscr/tudscrreprt.cls
Document Class: tudscrreprt 2017/03/12 v2.05i TUD-Script 
document class (scrreprt)
+---------------------------------------------------------------
| Corporate Design of Technische Universitaet Dresden
| Class: tudscrreprt
| Version: 2017/03/12 v2.05i TUD-Script
| Author: Falk Hanisch (hanisch.latex@outlook.com)
| Forum: http://latex.wcms-file3.tu-dresden.de/phpBB3/
+---------------------------------------------------------------
(/usr/local/texlive/2016/texmf-dist/tex/latex/tudscr/tudscrbase.sty
Package: tudscrbase 2017/03/12 v2.05i TUD-Script package (basics for the bundle
)

(/usr/local/texlive/2016/texmf-dist/tex/latex/koma-script/scrbase.sty
Package: scrbase 2017/01/03 v3.22 KOMA-Script package (KOMA-Script-independent 
basics and keyval usage)

(/usr/local/texlive/2016/texmf-dist/tex/latex/graphics/keyval.sty
Package: keyval 2014/10/28 v1.15 key=value parser (DPC)
\KV@toks@=\toks14
)
(/usr/local/texlive/2016/texmf-dist/tex/latex/koma-script/scrlfile.sty
Package: scrlfile 2017/01/03 v3.22 KOMA-Script package (loading files)

Package scrlfile, 2017/01/03 v3.22 KOMA-Script package (loading files)
                  Copyright (C) Markus Kohm

)) (/usr/local/texlive/2016/texmf-dist/tex/latex/etoolbox/etoolbox.sty
Package: etoolbox 2017/01/02 v2.4 e-TeX tools for LaTeX (JAW)
\etb@tempcnta=\count79
)
(/usr/local/texlive/2016/texmf-dist/tex/generic/oberdiek/etexcmds.sty
Package: etexcmds 2016/05/16 v1.6 Avoid name clashes with e-TeX commands (HO)

(/usr/local/texlive/2016/texmf-dist/tex/generic/oberdiek/infwarerr.sty
Package: infwarerr 2016/05/16 v1.4 Providing info/warning/error messages (HO)
)
(/usr/local/texlive/2016/texmf-dist/tex/generic/oberdiek/ifluatex.sty
Package: ifluatex 2016/05/16 v1.4 Provides the ifluatex switch (HO)
Package ifluatex Info: LuaTeX not detected.
)
Package etexcmds Info: Could not find \expanded.
(etexcmds)             That can mean that you are not using pdfTeX 1.50 or
(etexcmds)             that some package has redefined \expanded.
(etexcmds)             In the latter case, load this package earlier.
)
(/usr/local/texlive/2016/texmf-dist/tex/generic/oberdiek/kvsetkeys.sty
Package: kvsetkeys 2016/05/16 v1.17 Key value parser (HO)
)
\tud@toks@=\toks15
)
(/usr/local/texlive/2016/texmf-dist/tex/latex/silence/silence.sty
Package: silence 2012/07/02 v1.5b Selective filtering of warnings and error mes
sages
\sl@Save=\count80
\sl@StateNumber=\count81
\sl@MessageCount=\count82
\sl@Casualties=\count83
\sl@Filter=\toks16
\sl@Message=\toks17
\sl@UnexpandedMessage=\toks18
\sl@Mess@ge=\toks19
\sl@WarningCount=\count84
\sl@WarningNumber=\count85
\sl@WarningCasualties=\count86
\sl@TempBOW=\toks20
\sl@BankOfWarnings=\toks21
LaTeX Info: Redefining \GenericWarning on input line 433.
\sl@ErrorCount=\count87
\sl@ErrorNumber=\count88
\sl@ErrorCasualties=\count89
\sl@TempBOE=\toks22
\sl@BankOfErrors=\toks23
LaTeX Info: Redefining \GenericError on input line 601.
)
(/usr/local/texlive/2016/texmf-dist/tex/latex/koma-script/scrreprt.cls
Document Class: scrreprt 2017/01/03 v3.22 KOMA-Script document class (report)
(/usr/local/texlive/2016/texmf-dist/tex/latex/koma-script/scrkbase.sty
Package: scrkbase 2017/01/03 v3.22 KOMA-Script package (KOMA-Script-dependent b
asics and keyval usage)
)
(/usr/local/texlive/2016/texmf-dist/tex/latex/koma-script/tocbasic.sty
Package: tocbasic 2017/01/03 v3.22 KOMA-Script package (handling toc-files)
\scr@dte@tocline@numberwidth=\skip41
\scr@dte@tocline@numbox=\box26
)
Package tocbasic Info: omitting babel extension for `toc'
(tocbasic)             because of feature `nobabel' available
(tocbasic)             for `toc' on input line 132.
Package tocbasic Info: omitting babel extension for `lof'
(tocbasic)             because of feature `nobabel' available
(tocbasic)             for `lof' on input line 133.
Package tocbasic Info: omitting babel extension for `lot'
(tocbasic)             because of feature `nobabel' available
(tocbasic)             for `lot' on input line 134.
Package tocbasic Info: defining new hook before heading of `' on input line 160
7.
Class scrreprt Info: File `scrsize11pt.clo' used instead of
(scrreprt)           file `scrsize11.clo' to setup font sizes on input line 226
7.

(/usr/local/texlive/2016/texmf-dist/tex/latex/koma-script/scrsize11pt.clo
File: scrsize11pt.clo 2017/01/03 v3.22 KOMA-Script font size class option (11pt
)
)
(/usr/local/texlive/2016/texmf-dist/tex/latex/koma-script/typearea.sty
Package: typearea 2017/01/03 v3.22 KOMA-Script package (type area)

Package typearea, 2017/01/03 v3.22 KOMA-Script package (type area)
                  Copyright (C) Frank Neukam, 1992-1994
                  Copyright (C) Markus Kohm, 1994-

\ta@bcor=\skip42
\ta@div=\count90
\ta@hblk=\skip43
\ta@vblk=\skip44
\ta@temp=\skip45
\footheight=\skip46
Package typearea Info: These are the values describing the layout:
(typearea)             DIV  = 10
(typearea)             BCOR = 0.0pt
(typearea)             \paperwidth      = 597.50793pt
(typearea)              \textwidth      = 418.25555pt
(typearea)              DIV departure   = -6%
(typearea)              \evensidemargin = 17.3562pt
(typearea)              \oddsidemargin  = 17.3562pt
(typearea)             \paperheight     = 845.04694pt
(typearea)              \textheight     = 595.80026pt
(typearea)              \topmargin      = -25.16531pt
(typearea)              \headheight     = 17.0pt
(typearea)              \headsep        = 20.40001pt
(typearea)              \topskip        = 11.0pt
(typearea)              \footskip       = 47.6pt
(typearea)              \baselineskip   = 13.6pt
(typearea)              on input line 1583.
)
\c@part=\count91
\c@chapter=\count92
\c@section=\count93
\c@subsection=\count94
\c@subsubsection=\count95
\c@paragraph=\count96
\c@subparagraph=\count97
\scr@dte@part@maxnumwidth=\skip47
\scr@dte@chapter@maxnumwidth=\skip48
\scr@dte@section@maxnumwidth=\skip49
\scr@dte@subsection@maxnumwidth=\skip50
\scr@dte@subsubsection@maxnumwidth=\skip51
\scr@dte@paragraph@maxnumwidth=\skip52
\scr@dte@subparagraph@maxnumwidth=\skip53
LaTeX Info: Redefining \textsubscript on input line 4824.
\abovecaptionskip=\skip54
\belowcaptionskip=\skip55
\c@pti@nb@sid@b@x=\box27
\c@figure=\count98
\c@table=\count99
Class scrreprt Info: Redefining `\numberline' on input line 5881.
\bibindent=\dimen102
) (/usr/local/texlive/2016/texmf-dist/tex/latex/environ/environ.sty
Package: environ 2014/05/04 v0.3 A new way to define environments

(/usr/local/texlive/2016/texmf-dist/tex/latex/trimspaces/trimspaces.sty
Package: trimspaces 2009/09/17 v1.1 Trim spaces around a token list
)
\@envbody=\toks24
)
(/usr/local/texlive/2016/texmf-dist/tex/latex/l3kernel/expl3.sty
Package: expl3 2017/03/18 v7019 L3 programming layer (loader) 

(/usr/local/texlive/2016/texmf-dist/tex/latex/l3kernel/expl3-code.tex
Package: expl3 2017/03/18 v7019 L3 programming layer (code)
\c_max_int=\count100
\l_tmpa_int=\count101
\l_tmpb_int=\count102
\g_tmpa_int=\count103
\g_tmpb_int=\count104
\g__prg_map_int=\count105
\c_log_iow=\count106
\l_iow_line_count_int=\count107
\l__iow_line_target_int=\count108
\l__iow_one_indent_int=\count109
\l__iow_indent_int=\count110
\c_zero_dim=\dimen103
\c_max_dim=\dimen104
\l_tmpa_dim=\dimen105
\l_tmpb_dim=\dimen106
\g_tmpa_dim=\dimen107
\g_tmpb_dim=\dimen108
\c_zero_skip=\skip56
\c_max_skip=\skip57
\l_tmpa_skip=\skip58
\l_tmpb_skip=\skip59
\g_tmpa_skip=\skip60
\g_tmpb_skip=\skip61
\c_zero_muskip=\muskip10
\c_max_muskip=\muskip11
\l_tmpa_muskip=\muskip12
\l_tmpb_muskip=\muskip13
\g_tmpa_muskip=\muskip14
\g_tmpb_muskip=\muskip15
\l_keys_choice_int=\count111
\c__fp_leading_shift_int=\count112
\c__fp_middle_shift_int=\count113
\c__fp_trailing_shift_int=\count114
\c__fp_big_leading_shift_int=\count115
\c__fp_big_middle_shift_int=\count116
\c__fp_big_trailing_shift_int=\count117
\c__fp_Bigg_leading_shift_int=\count118
\c__fp_Bigg_middle_shift_int=\count119
\c__fp_Bigg_trailing_shift_int=\count120
\c__fp_rand_size_int=\count121
\c__fp_rand_four_int=\count122
\c__fp_rand_eight_int=\count123
\l__sort_length_int=\count124
\l__sort_min_int=\count125
\l__sort_top_int=\count126
\l__sort_max_int=\count127
\l__sort_true_max_int=\count128
\l__sort_block_int=\count129
\l__sort_begin_int=\count130
\l__sort_end_int=\count131
\l__sort_A_int=\count132
\l__sort_B_int=\count133
\l__sort_C_int=\count134
\c_empty_box=\box28
\l_tmpa_box=\box29
\l_tmpb_box=\box30
\g_tmpa_box=\box31
\g_tmpb_box=\box32
\l__coffin_internal_box=\box33
\l__coffin_internal_dim=\dimen109
\l__coffin_offset_x_dim=\dimen110
\l__coffin_offset_y_dim=\dimen111
\l__coffin_x_dim=\dimen112
\l__coffin_y_dim=\dimen113
\l__coffin_x_prime_dim=\dimen114
\l__coffin_y_prime_dim=\dimen115
\c_empty_coffin=\box34
\l__coffin_aligned_coffin=\box35
\l__coffin_aligned_internal_coffin=\box36
\l_tmpa_coffin=\box37
\l_tmpb_coffin=\box38
\l__coffin_display_coffin=\box39
\l__coffin_display_coord_coffin=\box40
\l__coffin_display_pole_coffin=\box41
\l__coffin_display_offset_dim=\dimen116
\l__coffin_display_x_dim=\dimen117
\l__coffin_display_y_dim=\dimen118
\l__box_top_dim=\dimen119
\l__box_bottom_dim=\dimen120
\l__box_left_dim=\dimen121
\l__box_right_dim=\dimen122
\l__box_top_new_dim=\dimen123
\l__box_bottom_new_dim=\dimen124
\l__box_left_new_dim=\dimen125
\l__box_right_new_dim=\dimen126
\l__box_internal_box=\box42
\l__coffin_bounding_shift_dim=\dimen127
\l__coffin_left_corner_dim=\dimen128
\l__coffin_right_corner_dim=\dimen129
\l__coffin_bottom_corner_dim=\dimen130
\l__coffin_top_corner_dim=\dimen131
\l__coffin_scaled_total_height_dim=\dimen132
\l__coffin_scaled_width_dim=\dimen133
)
(/usr/local/texlive/2016/texmf-dist/tex/latex/l3kernel/l3pdfmode.def
File: l3pdfmode.def 2017/03/18 v7019 L3 Experimental driver: PDF mode
\l__driver_color_stack_int=\count135
\l__driver_tmp_box=\box43
))
(/usr/local/texlive/2016/texmf-dist/tex/latex/textcase/textcase.sty
Package: textcase 2004/10/07 v0.07 Text only upper/lower case changing (DPC)
)
\tud@len@signatureskip=\skip62
\tud@len@widemargin=\skip63
\tud@len@slimmargin=\skip64
\tud@len@both=\skip65
\tud@len@topmargin=\skip66
\tud@len@barheight=\skip67
\tud@len@headsep=\skip68
\tud@len@footsep=\skip69
\tud@len@logox=\skip70
\tud@len@logoy=\skip71
\tud@len@logowidth=\skip72
\tud@len@line=\skip73
\tud@len@heavyline=\skip74
\tud@len@thinline=\skip75
\tud@len@areaheadvskip=\skip76
\tud@len@areadiff=\skip77
\tud@len@areavskip=\skip78
\tud@len@layoutheight=\skip79
\tud@len@layoutwidth=\skip80
\tud@len@layouthoffset=\skip81
\tud@len@layoutvoffset=\skip82

(/usr/local/texlive/2016/texmf-dist/tex/latex/geometry/geometry.sty
Package: geometry 2010/09/12 v5.6 Page Geometry

(/usr/local/texlive/2016/texmf-dist/tex/generic/oberdiek/ifpdf.sty
Package: ifpdf 2016/05/14 v3.1 Provides the ifpdf switch
)
(/usr/local/texlive/2016/texmf-dist/tex/generic/oberdiek/ifvtex.sty
Package: ifvtex 2016/05/16 v1.6 Detect VTeX and its facilities (HO)
Package ifvtex Info: VTeX not detected.
)
(/usr/local/texlive/2016/texmf-dist/tex/generic/ifxetex/ifxetex.sty
Package: ifxetex 2010/09/12 v0.6 Provides ifxetex conditional
)
\Gm@cnth=\count136
\Gm@cntv=\count137
\c@Gm@tempcnt=\count138
\Gm@bindingoffset=\dimen134
\Gm@wd@mp=\dimen135
\Gm@odd@mp=\dimen136
\Gm@even@mp=\dimen137
\Gm@layoutwidth=\dimen138
\Gm@layoutheight=\dimen139
\Gm@layouthoffset=\dimen140
\Gm@layoutvoffset=\dimen141
\Gm@dimlist=\toks25
)
\tud@layer@main@black=\box44
\tud@layer@main@HKS41=\box45
\tud@layer@main@white=\box46
\tud@len@mainlogoheight=\skip83
\tud@layer@head@black=\box47
\tud@layer@head@HKS41=\box48
\tud@layer@head@white=\box49
\tud@layer@head@option=\box50
\tud@layer@foot@black=\box51
\tud@layer@foot@HKS41=\box52
\tud@layer@foot@white=\box53
\tud@layer@foot@option=\box54
\tud@layer@foot@cmd=\box55
\tud@title@box=\box56
\footlogoheight=\skip84
\pageheadingsvskip=\skip85
\headingsvskip=\skip86
Package tocbasic Info: defining new hook before heading of `toc' on input line 
6666.
Package tocbasic Info: defining new hook after heading of `toc' on input line 6
667.
Package tocbasic Info: defining new hook before heading of `lof' on input line 
6668.
Package tocbasic Info: defining new hook before heading of `lot' on input line 
6669.
)
\c@symbolheadings=\count139

(./mystyle.sty
Package: mystyle 

(/usr/local/texlive/2016/texmf-dist/tex/generic/oberdiek/hyphsubst.sty
Package: hyphsubst 2016/05/16 v0.3 Substitute hyphenation patterns (HO)
Package hyphsubst Info: Redefined: \l@ngerman
(hyphsubst)             old value: 32
(hyphsubst)             new value: 4 on input line 223.
)
(/usr/local/texlive/2016/texmf-dist/tex/latex/base/fontenc.sty
Package: fontenc 2017/02/22 v2.0g Standard LaTeX package

(/usr/local/texlive/2016/texmf-dist/tex/latex/base/t1enc.def
File: t1enc.def 2017/02/22 v2.0g Standard LaTeX file
LaTeX Font Info:    Redeclaring font encoding T1 on input line 48.
))
(/usr/local/texlive/2016/texmf-dist/tex/generic/babel/babel.sty
Package: babel 2016/04/23 3.9r The Babel package

(/usr/local/texlive/2016/texmf-dist/tex/generic/babel-german/ngerman.ldf
Language: ngerman 2016/11/02 v2.9 German support for babel (new orthography)

(/usr/local/texlive/2016/texmf-dist/tex/generic/babel-german/ngermanb.ldf
Language: ngermanb 2016/11/02 v2.9 German support for babel (new orthography)

(/usr/local/texlive/2016/texmf-dist/tex/generic/babel/babel.def
File: babel.def 2016/04/23 3.9r Babel common definitions
\babel@savecnt=\count140
\U@D=\dimen142
)
Package babel Info: Making " an active character on input line 125.
))))
(/usr/local/texlive/2016/texmf-dist/tex/latex/base/inputenc.sty
Package: inputenc 2015/03/17 v1.2c Input encoding file
\inpenc@prehook=\toks26
\inpenc@posthook=\toks27

(/usr/local/texlive/2016/texmf-dist/tex/latex/base/utf8.def
File: utf8.def 2017/01/28 v1.1t UTF-8 support for inputenc
Now handling font encoding OML ...
... no UTF-8 mapping file for font encoding OML
Now handling font encoding T1 ...
... processing UTF-8 mapping file for font encoding T1

(/usr/local/texlive/2016/texmf-dist/tex/latex/base/t1enc.dfu
File: t1enc.dfu 2017/01/28 v1.1t UTF-8 support for inputenc
   defining Unicode char U+00A0 (decimal 160)
   defining Unicode char U+00A1 (decimal 161)
   defining Unicode char U+00A3 (decimal 163)
   defining Unicode char U+00AB (decimal 171)
   defining Unicode char U+00AD (decimal 173)
   defining Unicode char U+00BB (decimal 187)
   defining Unicode char U+00BF (decimal 191)
   defining Unicode char U+00C0 (decimal 192)
   defining Unicode char U+00C1 (decimal 193)
   defining Unicode char U+00C2 (decimal 194)
   defining Unicode char U+00C3 (decimal 195)
   defining Unicode char U+00C4 (decimal 196)
   defining Unicode char U+00C5 (decimal 197)
   defining Unicode char U+00C6 (decimal 198)
   defining Unicode char U+00C7 (decimal 199)
   defining Unicode char U+00C8 (decimal 200)
   defining Unicode char U+00C9 (decimal 201)
   defining Unicode char U+00CA (decimal 202)
   defining Unicode char U+00CB (decimal 203)
   defining Unicode char U+00CC (decimal 204)
   defining Unicode char U+00CD (decimal 205)
   defining Unicode char U+00CE (decimal 206)
   defining Unicode char U+00CF (decimal 207)
   defining Unicode char U+00D0 (decimal 208)
   defining Unicode char U+00D1 (decimal 209)
   defining Unicode char U+00D2 (decimal 210)
   defining Unicode char U+00D3 (decimal 211)
   defining Unicode char U+00D4 (decimal 212)
   defining Unicode char U+00D5 (decimal 213)
   defining Unicode char U+00D6 (decimal 214)
   defining Unicode char U+00D8 (decimal 216)
   defining Unicode char U+00D9 (decimal 217)
   defining Unicode char U+00DA (decimal 218)
   defining Unicode char U+00DB (decimal 219)
   defining Unicode char U+00DC (decimal 220)
   defining Unicode char U+00DD (decimal 221)
   defining Unicode char U+00DE (decimal 222)
   defining Unicode char U+00DF (decimal 223)
   defining Unicode char U+00E0 (decimal 224)
   defining Unicode char U+00E1 (decimal 225)
   defining Unicode char U+00E2 (decimal 226)
   defining Unicode char U+00E3 (decimal 227)
   defining Unicode char U+00E4 (decimal 228)
   defining Unicode char U+00E5 (decimal 229)
   defining Unicode char U+00E6 (decimal 230)
   defining Unicode char U+00E7 (decimal 231)
   defining Unicode char U+00E8 (decimal 232)
   defining Unicode char U+00E9 (decimal 233)
   defining Unicode char U+00EA (decimal 234)
   defining Unicode char U+00EB (decimal 235)
   defining Unicode char U+00EC (decimal 236)
   defining Unicode char U+00ED (decimal 237)
   defining Unicode char U+00EE (decimal 238)
   defining Unicode char U+00EF (decimal 239)
   defining Unicode char U+00F0 (decimal 240)
   defining Unicode char U+00F1 (decimal 241)
   defining Unicode char U+00F2 (decimal 242)
   defining Unicode char U+00F3 (decimal 243)
   defining Unicode char U+00F4 (decimal 244)
   defining Unicode char U+00F5 (decimal 245)
   defining Unicode char U+00F6 (decimal 246)
   defining Unicode char U+00F8 (decimal 248)
   defining Unicode char U+00F9 (decimal 249)
   defining Unicode char U+00FA (decimal 250)
   defining Unicode char U+00FB (decimal 251)
   defining Unicode char U+00FC (decimal 252)
   defining Unicode char U+00FD (decimal 253)
   defining Unicode char U+00FE (decimal 254)
   defining Unicode char U+00FF (decimal 255)
   defining Unicode char U+0100 (decimal 256)
   defining Unicode char U+0101 (decimal 257)
   defining Unicode char U+0102 (decimal 258)
   defining Unicode char U+0103 (decimal 259)
   defining Unicode char U+0104 (decimal 260)
   defining Unicode char U+0105 (decimal 261)
   defining Unicode char U+0106 (decimal 262)
   defining Unicode char U+0107 (decimal 263)
   defining Unicode char U+0108 (decimal 264)
   defining Unicode char U+0109 (decimal 265)
   defining Unicode char U+010A (decimal 266)
   defining Unicode char U+010B (decimal 267)
   defining Unicode char U+010C (decimal 268)
   defining Unicode char U+010D (decimal 269)
   defining Unicode char U+010E (decimal 270)
   defining Unicode char U+010F (decimal 271)
   defining Unicode char U+0110 (decimal 272)
   defining Unicode char U+0111 (decimal 273)
   defining Unicode char U+0112 (decimal 274)
   defining Unicode char U+0113 (decimal 275)
   defining Unicode char U+0114 (decimal 276)
   defining Unicode char U+0115 (decimal 277)
   defining Unicode char U+0116 (decimal 278)
   defining Unicode char U+0117 (decimal 279)
   defining Unicode char U+0118 (decimal 280)
   defining Unicode char U+0119 (decimal 281)
   defining Unicode char U+011A (decimal 282)
   defining Unicode char U+011B (decimal 283)
   defining Unicode char U+011C (decimal 284)
   defining Unicode char U+011D (decimal 285)
   defining Unicode char U+011E (decimal 286)
   defining Unicode char U+011F (decimal 287)
   defining Unicode char U+0120 (decimal 288)
   defining Unicode char U+0121 (decimal 289)
   defining Unicode char U+0122 (decimal 290)
   defining Unicode char U+0123 (decimal 291)
   defining Unicode char U+0124 (decimal 292)
   defining Unicode char U+0125 (decimal 293)
   defining Unicode char U+0128 (decimal 296)
   defining Unicode char U+0129 (decimal 297)
   defining Unicode char U+012A (decimal 298)
   defining Unicode char U+012B (decimal 299)
   defining Unicode char U+012C (decimal 300)
   defining Unicode char U+012D (decimal 301)
   defining Unicode char U+012E (decimal 302)
   defining Unicode char U+012F (decimal 303)
   defining Unicode char U+0130 (decimal 304)
   defining Unicode char U+0131 (decimal 305)
   defining Unicode char U+0132 (decimal 306)
   defining Unicode char U+0133 (decimal 307)
   defining Unicode char U+0134 (decimal 308)
   defining Unicode char U+0135 (decimal 309)
   defining Unicode char U+0136 (decimal 310)
   defining Unicode char U+0137 (decimal 311)
   defining Unicode char U+0139 (decimal 313)
   defining Unicode char U+013A (decimal 314)
   defining Unicode char U+013B (decimal 315)
   defining Unicode char U+013C (decimal 316)
   defining Unicode char U+013D (decimal 317)
   defining Unicode char U+013E (decimal 318)
   defining Unicode char U+0141 (decimal 321)
   defining Unicode char U+0142 (decimal 322)
   defining Unicode char U+0143 (decimal 323)
   defining Unicode char U+0144 (decimal 324)
   defining Unicode char U+0145 (decimal 325)
   defining Unicode char U+0146 (decimal 326)
   defining Unicode char U+0147 (decimal 327)
   defining Unicode char U+0148 (decimal 328)
   defining Unicode char U+014A (decimal 330)
   defining Unicode char U+014B (decimal 331)
   defining Unicode char U+014C (decimal 332)
   defining Unicode char U+014D (decimal 333)
   defining Unicode char U+014E (decimal 334)
   defining Unicode char U+014F (decimal 335)
   defining Unicode char U+0150 (decimal 336)
   defining Unicode char U+0151 (decimal 337)
   defining Unicode char U+0152 (decimal 338)
   defining Unicode char U+0153 (decimal 339)
   defining Unicode char U+0154 (decimal 340)
   defining Unicode char U+0155 (decimal 341)
   defining Unicode char U+0156 (decimal 342)
   defining Unicode char U+0157 (decimal 343)
   defining Unicode char U+0158 (decimal 344)
   defining Unicode char U+0159 (decimal 345)
   defining Unicode char U+015A (decimal 346)
   defining Unicode char U+015B (decimal 347)
   defining Unicode char U+015C (decimal 348)
   defining Unicode char U+015D (decimal 349)
   defining Unicode char U+015E (decimal 350)
   defining Unicode char U+015F (decimal 351)
   defining Unicode char U+0160 (decimal 352)
   defining Unicode char U+0161 (decimal 353)
   defining Unicode char U+0162 (decimal 354)
   defining Unicode char U+0163 (decimal 355)
   defining Unicode char U+0164 (decimal 356)
   defining Unicode char U+0165 (decimal 357)
   defining Unicode char U+0168 (decimal 360)
   defining Unicode char U+0169 (decimal 361)
   defining Unicode char U+016A (decimal 362)
   defining Unicode char U+016B (decimal 363)
   defining Unicode char U+016C (decimal 364)
   defining Unicode char U+016D (decimal 365)
   defining Unicode char U+016E (decimal 366)
   defining Unicode char U+016F (decimal 367)
   defining Unicode char U+0170 (decimal 368)
   defining Unicode char U+0171 (decimal 369)
   defining Unicode char U+0172 (decimal 370)
   defining Unicode char U+0173 (decimal 371)
   defining Unicode char U+0174 (decimal 372)
   defining Unicode char U+0175 (decimal 373)
   defining Unicode char U+0176 (decimal 374)
   defining Unicode char U+0177 (decimal 375)
   defining Unicode char U+0178 (decimal 376)
   defining Unicode char U+0179 (decimal 377)
   defining Unicode char U+017A (decimal 378)
   defining Unicode char U+017B (decimal 379)
   defining Unicode char U+017C (decimal 380)
   defining Unicode char U+017D (decimal 381)
   defining Unicode char U+017E (decimal 382)
   defining Unicode char U+01CD (decimal 461)
   defining Unicode char U+01CE (decimal 462)
   defining Unicode char U+01CF (decimal 463)
   defining Unicode char U+01D0 (decimal 464)
   defining Unicode char U+01D1 (decimal 465)
   defining Unicode char U+01D2 (decimal 466)
   defining Unicode char U+01D3 (decimal 467)
   defining Unicode char U+01D4 (decimal 468)
   defining Unicode char U+01E2 (decimal 482)
   defining Unicode char U+01E3 (decimal 483)
   defining Unicode char U+01E6 (decimal 486)
   defining Unicode char U+01E7 (decimal 487)
   defining Unicode char U+01E8 (decimal 488)
   defining Unicode char U+01E9 (decimal 489)
   defining Unicode char U+01EA (decimal 490)
   defining Unicode char U+01EB (decimal 491)
   defining Unicode char U+01F0 (decimal 496)
   defining Unicode char U+01F4 (decimal 500)
   defining Unicode char U+01F5 (decimal 501)
   defining Unicode char U+0218 (decimal 536)
   defining Unicode char U+0219 (decimal 537)
   defining Unicode char U+021A (decimal 538)
   defining Unicode char U+021B (decimal 539)
   defining Unicode char U+0232 (decimal 562)
   defining Unicode char U+0233 (decimal 563)
   defining Unicode char U+1E02 (decimal 7682)
   defining Unicode char U+1E03 (decimal 7683)
   defining Unicode char U+200C (decimal 8204)
   defining Unicode char U+2010 (decimal 8208)
   defining Unicode char U+2011 (decimal 8209)
   defining Unicode char U+2012 (decimal 8210)
   defining Unicode char U+2013 (decimal 8211)
   defining Unicode char U+2014 (decimal 8212)
   defining Unicode char U+2015 (decimal 8213)
   defining Unicode char U+2018 (decimal 8216)
   defining Unicode char U+2019 (decimal 8217)
   defining Unicode char U+201A (decimal 8218)
   defining Unicode char U+201C (decimal 8220)
   defining Unicode char U+201D (decimal 8221)
   defining Unicode char U+201E (decimal 8222)
   defining Unicode char U+2030 (decimal 8240)
   defining Unicode char U+2031 (decimal 8241)
   defining Unicode char U+2039 (decimal 8249)
   defining Unicode char U+203A (decimal 8250)
   defining Unicode char U+2423 (decimal 9251)
   defining Unicode char U+1E20 (decimal 7712)
   defining Unicode char U+1E21 (decimal 7713)
)
Now handling font encoding OT1 ...
... processing UTF-8 mapping file for font encoding OT1

(/usr/local/texlive/2016/texmf-dist/tex/latex/base/ot1enc.dfu
File: ot1enc.dfu 2017/01/28 v1.1t UTF-8 support for inputenc
   defining Unicode char U+00A0 (decimal 160)
   defining Unicode char U+00A1 (decimal 161)
   defining Unicode char U+00A3 (decimal 163)
   defining Unicode char U+00AD (decimal 173)
   defining Unicode char U+00B8 (decimal 184)
   defining Unicode char U+00BF (decimal 191)
   defining Unicode char U+00C5 (decimal 197)
   defining Unicode char U+00C6 (decimal 198)
   defining Unicode char U+00D8 (decimal 216)
   defining Unicode char U+00DF (decimal 223)
   defining Unicode char U+00E6 (decimal 230)
   defining Unicode char U+00EC (decimal 236)
   defining Unicode char U+00ED (decimal 237)
   defining Unicode char U+00EE (decimal 238)
   defining Unicode char U+00EF (decimal 239)
   defining Unicode char U+00F8 (decimal 248)
   defining Unicode char U+0131 (decimal 305)
   defining Unicode char U+0141 (decimal 321)
   defining Unicode char U+0142 (decimal 322)
   defining Unicode char U+0152 (decimal 338)
   defining Unicode char U+0153 (decimal 339)
   defining Unicode char U+0174 (decimal 372)
   defining Unicode char U+0175 (decimal 373)
   defining Unicode char U+0176 (decimal 374)
   defining Unicode char U+0177 (decimal 375)
   defining Unicode char U+0218 (decimal 536)
   defining Unicode char U+0219 (decimal 537)
   defining Unicode char U+021A (decimal 538)
   defining Unicode char U+021B (decimal 539)
   defining Unicode char U+2013 (decimal 8211)
   defining Unicode char U+2014 (decimal 8212)
   defining Unicode char U+2018 (decimal 8216)
   defining Unicode char U+2019 (decimal 8217)
   defining Unicode char U+201C (decimal 8220)
   defining Unicode char U+201D (decimal 8221)
)
Now handling font encoding OMS ...
... processing UTF-8 mapping file for font encoding OMS

(/usr/local/texlive/2016/texmf-dist/tex/latex/base/omsenc.dfu
File: omsenc.dfu 2017/01/28 v1.1t UTF-8 support for inputenc
   defining Unicode char U+00A7 (decimal 167)
   defining Unicode char U+00B6 (decimal 182)
   defining Unicode char U+00B7 (decimal 183)
   defining Unicode char U+2020 (decimal 8224)
   defining Unicode char U+2021 (decimal 8225)
   defining Unicode char U+2022 (decimal 8226)
)
Now handling font encoding OMX ...
... no UTF-8 mapping file for font encoding OMX
Now handling font encoding U ...
... no UTF-8 mapping file for font encoding U
   defining Unicode char U+00A9 (decimal 169)
   defining Unicode char U+00AA (decimal 170)
   defining Unicode char U+00AE (decimal 174)
   defining Unicode char U+00BA (decimal 186)
   defining Unicode char U+02C6 (decimal 710)
   defining Unicode char U+02DC (decimal 732)
   defining Unicode char U+200C (decimal 8204)
   defining Unicode char U+2026 (decimal 8230)
   defining Unicode char U+2122 (decimal 8482)
   defining Unicode char U+2423 (decimal 9251)
))
(/usr/local/texlive/2016/texmf-dist/tex/latex/graphics/graphicx.sty
Package: graphicx 2014/10/28 v1.0g Enhanced LaTeX Graphics (DPC,SPQR)

(/usr/local/texlive/2016/texmf-dist/tex/latex/graphics/graphics.sty
Package: graphics 2016/10/09 v1.0u Standard LaTeX Graphics (DPC,SPQR)

(/usr/local/texlive/2016/texmf-dist/tex/latex/graphics/trig.sty
Package: trig 2016/01/03 v1.10 sin cos tan (DPC)
)
(/usr/local/texlive/2016/texmf-dist/tex/latex/graphics-cfg/graphics.cfg
File: graphics.cfg 2016/06/04 v1.11 sample graphics configuration
)
Package graphics Info: Driver file: pdftex.def on input line 99.

(/usr/local/texlive/2016/texmf-dist/tex/latex/graphics-def/pdftex.def
File: pdftex.def 2017/01/12 v0.06k Graphics/color for pdfTeX

(/usr/local/texlive/2016/texmf-dist/tex/generic/oberdiek/ltxcmds.sty
Package: ltxcmds 2016/05/16 v1.23 LaTeX kernel commands for general use (HO)
)
\Gread@gobject=\count141
))
\Gin@req@height=\dimen143
\Gin@req@width=\dimen144
)
(/usr/local/texlive/2016/texmf-dist/tex/latex/tudscr/tudscrcolor.sty
Package: tudscrcolor 2017/03/12 v2.05i TUD-Script package (corporate design col
ors)

(/usr/local/texlive/2016/texmf-dist/tex/latex/xcolor/xcolor.sty
Package: xcolor 2016/05/11 v2.12 LaTeX color extensions (UK)

(/usr/local/texlive/2016/texmf-dist/tex/latex/graphics-cfg/color.cfg
File: color.cfg 2016/01/02 v1.6 sample color configuration
)
Package xcolor Info: Driver file: pdftex.def on input line 225.
Package xcolor Info: Model `cmy' substituted by `cmy0' on input line 1348.
Package xcolor Info: Model `hsb' substituted by `rgb' on input line 1352.
Package xcolor Info: Model `RGB' extended on input line 1364.
Package xcolor Info: Model `HTML' substituted by `rgb' on input line 1366.
Package xcolor Info: Model `Hsb' substituted by `hsb' on input line 1367.
Package xcolor Info: Model `tHsb' substituted by `hsb' on input line 1368.
Package xcolor Info: Model `HSB' substituted by `hsb' on input line 1369.
Package xcolor Info: Model `Gray' substituted by `gray' on input line 1370.
Package xcolor Info: Model `wave' substituted by `hsb' on input line 1371.
))
LaTeX Font Info:    Try loading font information for T1+lun on input line 8.

(/usr/local/texlive/texmf-local/tex/latex/tudscr/fonts/t1lun.fd
File: t1lun.fd 2017/03/28 Fontinst v1.933 font definitions for T1/lun.
)
LaTeX Info: Redefining \textuln on input line 8.
LaTeX Info: Redefining \texturn on input line 8.
LaTeX Info: Redefining \textubn on input line 8.
LaTeX Info: Redefining \textuxn on input line 8.
LaTeX Info: Redefining \textuls on input line 8.
LaTeX Info: Redefining \texturs on input line 8.
LaTeX Info: Redefining \textubs on input line 8.
LaTeX Info: Redefining \textuxs on input line 8.
LaTeX Info: Redefining \textdbn on input line 8.

(/usr/local/texlive/2016/texmf-dist/tex/latex/koma-script/scrlayer-scrpage.sty
Package: scrlayer-scrpage 2017/01/03 v3.22 KOMA-Script package (end user interf
ace for scrlayer)

(/usr/local/texlive/2016/texmf-dist/tex/latex/koma-script/scrlayer.sty
Package: scrlayer 2017/01/03 v3.22 KOMA-Script package (defining layers and pag
e styles)
Package scrlayer Info: Using already defined \footheight
(scrlayer)             hoping, that this is a length and
(scrlayer)             not only a macro on input line 107.
Package scrlayer Info: patching LaTeX kernel macro \pagestyle on input line 198
7.
)
Package scrlayer-scrpage Info: deactivating warning for font element
(scrlayer-scrpage)             `pagefoot' on input line 1203.
)
Package scrlayer-scrpage Info: auto-selection of `pagestyleset=KOMA-Script'.
Package typearea Info: These are the values describing the layout:
(typearea)             DIV  = 11
(typearea)             BCOR = 0.0pt
(typearea)             \paperwidth      = 597.50793pt
(typearea)              \textwidth      = 434.55125pt
(typearea)              DIV departure   = -10%
(typearea)              \evensidemargin = 9.20834pt
(typearea)              \oddsidemargin  = 9.20834pt
(typearea)             \paperheight     = 845.04694pt
(typearea)              \textheight     = 623.00027pt
(typearea)              \topmargin      = -32.84755pt
(typearea)              \headheight     = 17.0pt
(typearea)              \headsep        = 20.40001pt
(typearea)              \topskip        = 11.0pt
(typearea)              \footskip       = 47.6pt
(typearea)              \baselineskip   = 13.6pt
(typearea)              on input line 8.
Package typearea Info: These are the values describing the layout:
(typearea)             DIV  = 11
(typearea)             BCOR = 0.0pt
(typearea)             \paperwidth      = 597.50793pt
(typearea)              \textwidth      = 434.55125pt
(typearea)              DIV departure   = -10%
(typearea)              \evensidemargin = 9.20834pt
(typearea)              \oddsidemargin  = 9.20834pt
(typearea)             \paperheight     = 845.04694pt
(typearea)              \textheight     = 623.00027pt
(typearea)              \topmargin      = -32.84755pt
(typearea)              \headheight     = 17.0pt
(typearea)              \headsep        = 20.40001pt
(typearea)              \topskip        = 11.0pt
(typearea)              \footskip       = 47.6pt
(typearea)              \baselineskip   = 13.6pt
(typearea)              on input line 8.

(./document.aux (./tex/preambel.aux))
\openout1 = `document.aux'.

LaTeX Font Info:    Checking defaults for OML/cmm/m/it on input line 8.
LaTeX Font Info:    ... okay on input line 8.
LaTeX Font Info:    Checking defaults for T1/cmr/m/n on input line 8.
LaTeX Font Info:    ... okay on input line 8.
LaTeX Font Info:    Checking defaults for OT1/cmr/m/n on input line 8.
LaTeX Font Info:    ... okay on input line 8.
LaTeX Font Info:    Checking defaults for OMS/cmsy/m/n on input line 8.
LaTeX Font Info:    ... okay on input line 8.
LaTeX Font Info:    Checking defaults for OMX/cmex/m/n on input line 8.
LaTeX Font Info:    ... okay on input line 8.
LaTeX Font Info:    Checking defaults for U/cmr/m/n on input line 8.
LaTeX Font Info:    ... okay on input line 8.
Package scrbase Info: activating ngerman \graduationtext on input line 8.
Package scrbase Info: activating ngerman \refereename on input line 8.
Package scrbase Info: activating ngerman \refereeothername on input line 8.
Package scrbase Info: activating ngerman \advisorname on input line 8.
Package scrbase Info: activating ngerman \advisorothername on input line 8.
Package scrbase Info: activating ngerman \supervisorname on input line 8.
Package scrbase Info: activating ngerman \supervisorothername on input line 8.
Package scrbase Info: activating ngerman \professorname on input line 8.
Package scrbase Info: activating ngerman \professorothername on input line 8.
Package scrbase Info: activating ngerman \datetext on input line 8.
Package scrbase Info: activating ngerman \dateofbirthtext on input line 8.
Package scrbase Info: activating ngerman \placeofbirthtext on input line 8.
Package scrbase Info: activating ngerman \defensedatetext on input line 8.
Package scrbase Info: activating ngerman \matriculationyearname on input line 8
.
Package scrbase Info: activating ngerman \matriculationnumbername on input line
 8.
Package scrbase Info: activating ngerman \coverpagename on input line 8.
Package scrbase Info: activating ngerman \titlepagename on input line 8.
Package scrbase Info: activating ngerman \titlename on input line 8.
Package scrbase Info: activating ngerman \confirmationname on input line 8.
Package scrbase Info: activating ngerman \confirmationtext on input line 8.
Package scrbase Info: activating ngerman \blockingname on input line 8.
Package scrbase Info: activating ngerman \blockingtext on input line 8.
Package scrbase Info: activating ngerman \coursename on input line 8.
Package scrbase Info: activating ngerman \disciplinename on input line 8.
Package scrbase Info: activating ngerman \listingname on input line 8.
Package scrbase Info: activating ngerman \listlistingname on input line 8.
Package scrbase Info: activating ngerman \dissertationname on input line 8.
Package scrbase Info: activating ngerman \diplomathesisname on input line 8.
Package scrbase Info: activating ngerman \masterthesisname on input line 8.
Package scrbase Info: activating ngerman \bachelorthesisname on input line 8.
Package scrbase Info: activating ngerman \studentthesisname on input line 8.
Package scrbase Info: activating ngerman \studentresearchname on input line 8.
Package scrbase Info: activating ngerman \projectpapername on input line 8.
Package scrbase Info: activating ngerman \seminarpapername on input line 8.
Package scrbase Info: activating ngerman \termpapername on input line 8.
Package scrbase Info: activating ngerman \researchname on input line 8.
Package scrbase Info: activating ngerman \logname on input line 8.
Package scrbase Info: activating ngerman \internshipname on input line 8.
Package scrbase Info: activating ngerman \reportname on input line 8.

*geometry* detected driver: <none>
*geometry* verbose mode - [ preamble ] result:
* driver: \Gm@driver 
* paper: custom
* layout: <same size as paper>
* layoutoffset:(h,v)=(0.0pt,0.0pt)
* modes: 
* h-part:(L,W,R)=(85.35826pt, 455.24417pt, 56.9055pt)
* v-part:(T,H,B)=(56.9055pt, 702.78317pt, 85.35826pt)
* \paperwidth=597.50793pt
* \paperheight=845.04694pt
* \textwidth=455.24417pt
* \textheight=702.78317pt
* \oddsidemargin=13.08827pt
* \evensidemargin=13.08827pt
* \topmargin=-52.7645pt
* \headheight=17.0pt
* \headsep=20.40001pt
* \topskip=11.0pt
* \footskip=42.60687pt
* \marginparwidth=36.5055pt
* \marginparsep=10.2pt
* \columnsep=14.96008pt
* \skip\footins=10.0pt plus 4.0pt minus 2.0pt
* \hoffset=0.0pt
* \voffset=0.0pt
* \mag=1000
* \@twocolumnfalse
* \@twosidefalse
* \@mparswitchfalse
* \@reversemarginfalse
* (1in=72.27pt=25.4mm, 1cm=28.453pt)

(/usr/local/texlive/2016/texmf-dist/tex/context/base/mkii/supp-pdf.mkii
[Loading MPS to PDF converter (version 2006.09.02).]
\scratchcounter=\count142
\scratchdimen=\dimen145
\scratchbox=\box57
\nofMPsegments=\count143
\nofMParguments=\count144
\everyMPshowfont=\toks28
\MPscratchCnt=\count145
\MPscratchDim=\dimen146
\MPnumerator=\count146
\makeMPintoPDFobject=\count147
\everyMPtoPDFconversion=\toks29
) (/usr/local/texlive/2016/texmf-dist/tex/generic/oberdiek/pdftexcmds.sty
Package: pdftexcmds 2016/05/21 v0.22 Utility functions of pdfTeX for LuaTeX (HO
)
Package pdftexcmds Info: LuaTeX not detected.
Package pdftexcmds Info: \pdf@primitive is available.
Package pdftexcmds Info: \pdf@ifprimitive is available.
Package pdftexcmds Info: \pdfdraftmode found.
)
(/usr/local/texlive/2016/texmf-dist/tex/latex/oberdiek/epstopdf-base.sty
Package: epstopdf-base 2016/05/15 v2.6 Base part for package epstopdf

(/usr/local/texlive/2016/texmf-dist/tex/latex/oberdiek/grfext.sty
Package: grfext 2016/05/16 v1.2 Manage graphics extensions (HO)

(/usr/local/texlive/2016/texmf-dist/tex/generic/oberdiek/kvdefinekeys.sty
Package: kvdefinekeys 2016/05/16 v1.4 Define keys (HO)
))
(/usr/local/texlive/2016/texmf-dist/tex/latex/oberdiek/kvoptions.sty
Package: kvoptions 2016/05/16 v3.12 Key value format for package options (HO)
)
Package epstopdf-base Info: Redefining graphics rule for `.eps' on input line 4
38.
Package grfext Info: Graphics extension search list:
(grfext)             [.png,.pdf,.jpg,.mps,.jpeg,.jbig2,.jb2,.PNG,.PDF,.JPG,.JPE
G,.JBIG2,.JB2,.eps]
(grfext)             \AppendGraphicsExtensions on input line 456.

(/usr/local/texlive/2016/texmf-dist/tex/latex/latexconfig/epstopdf-sys.cfg
File: epstopdf-sys.cfg 2010/07/13 v1.3 Configuration of (r)epstopdf for TeX Liv
e
))
\c@mv@univers=\count148
\c@mv@universbold=\count149
LaTeX Font Info:    Overwriting symbol font `operators' in version `univers'
(Font)                  OT1/cmr/m/n --> OT1/lun/l/n on input line 8.
LaTeX Font Info:    Overwriting symbol font `operators' in version `universbold
'
(Font)                  OT1/cmr/m/n --> OT1/lun/b/n on input line 8.
LaTeX Font Info:    Overwriting symbol font `letters' in version `univers'
(Font)                  OML/cmm/m/it --> OML/lun/l/sl on input line 8.
LaTeX Font Info:    Overwriting symbol font `letters' in version `universbold'
(Font)                  OML/cmm/m/it --> OML/lun/b/sl on input line 8.
LaTeX Font Info:    Overwriting symbol font `symbols' in version `univers'
(Font)                  OMS/cmsy/m/n --> OMS/lun/l/n on input line 8.
LaTeX Font Info:    Overwriting symbol font `symbols' in version `universbold'
(Font)                  OMS/cmsy/m/n --> OMS/lun/b/n on input line 8.
LaTeX Font Info:    Overwriting symbol font `largesymbols' in version `univers'

(Font)                  OMX/cmex/m/n --> OMX/iwona/m/n on input line 8.
LaTeX Font Info:    Overwriting symbol font `largesymbols' in version `universb
old'
(Font)                  OMX/cmex/m/n --> OMX/iwona/b/n on input line 8.
LaTeX Font Info:    Overwriting math alphabet `\mathrm' in version `univers'
(Font)                  OT1/lun/l/n --> OT1/lun/l/n on input line 8.
LaTeX Font Info:    Overwriting math alphabet `\mathrm' in version `universbold
'
(Font)                  OT1/lun/b/n --> OT1/lun/b/n on input line 8.
LaTeX Font Info:    Overwriting math alphabet `\mathnormal' in version `univers
'
(Font)                  OML/lun/l/sl --> OML/lun/l/sl on input line 8.
LaTeX Font Info:    Overwriting math alphabet `\mathnormal' in version `univers
bold'
(Font)                  OML/lun/b/sl --> OML/lun/b/sl on input line 8.
LaTeX Font Info:    Overwriting math alphabet `\mathbf' in version `univers'
(Font)                  OT1/cmr/bx/n --> OT1/lun/b/n on input line 8.
LaTeX Font Info:    Overwriting math alphabet `\mathbf' in version `universbold
'
(Font)                  OT1/cmr/bx/n --> OT1/lun/eb/n on input line 8.
LaTeX Font Info:    Overwriting math alphabet `\mathsf' in version `univers'
(Font)                  OT1/cmss/m/n --> OT1/lun/l/n on input line 8.
LaTeX Font Info:    Overwriting math alphabet `\mathsf' in version `universbold
'
(Font)                  OT1/cmss/m/n --> OT1/lun/b/n on input line 8.
LaTeX Font Info:    Overwriting math alphabet `\mathit' in version `univers'
(Font)                  OT1/cmr/m/it --> OT1/lun/l/sl on input line 8.
LaTeX Font Info:    Overwriting math alphabet `\mathit' in version `universbold
'
(Font)                  OT1/cmr/m/it --> OT1/lun/b/sl on input line 8.
LaTeX Font Info:    Overwriting math alphabet `\mathtt' in version `univers'
(Font)                  OT1/cmtt/m/n --> OT1/lunt/l/n on input line 8.
LaTeX Font Info:    Overwriting math alphabet `\mathtt' in version `universbold
'
(Font)                  OT1/cmtt/m/n --> OT1/lunt/b/n on input line 8.
LaTeX Font Info:    Overwriting math alphabet `\mathcal' in version `univers'
(Font)                  OMS/lun/l/n --> OMS/lmsy/m/n on input line 8.
LaTeX Font Info:    Overwriting math alphabet `\mathcal' in version `universbol
d'
(Font)                  OMS/lun/b/n --> OMS/lmsy/b/n on input line 8.
\c@mv@dinbold=\count150
LaTeX Font Info:    Overwriting symbol font `operators' in version `dinbold'
(Font)                  OT1/cmr/m/n --> OT1/0m6/b/n on input line 8.
LaTeX Font Info:    Overwriting symbol font `letters' in version `dinbold'
(Font)                  OML/cmm/m/it --> OML/0m6/b/sl on input line 8.
LaTeX Font Info:    Overwriting symbol font `symbols' in version `dinbold'
(Font)                  OMS/cmsy/m/n --> OMS/0m6/b/n on input line 8.
LaTeX Font Info:    Overwriting symbol font `largesymbols' in version `dinbold'

(Font)                  OMX/cmex/m/n --> OMX/iwona/ebc/n on input line 8.
LaTeX Font Info:    Overwriting math alphabet `\mathrm' in version `dinbold'
(Font)                  > OT1/0m6/b/n on input line 8.
LaTeX Font Info:    Overwriting math alphabet `\mathnormal' in version `dinbold
'
(Font)                  > OML/0m6/b/sl on input line 8.
LaTeX Font Info:    Overwriting math alphabet `\mathbf' in version `dinbold'
(Font)                  OT1/cmr/bx/n --> OT1/0m6/b/n on input line 8.
LaTeX Font Info:    Overwriting math alphabet `\mathsf' in version `dinbold'
(Font)                  OT1/cmss/m/n --> OT1/0m6/b/n on input line 8.
LaTeX Font Info:    Overwriting math alphabet `\mathit' in version `dinbold'
(Font)                  OT1/cmr/m/it --> OT1/0m6/b/sl on input line 8.
LaTeX Font Info:    Overwriting math alphabet `\mathtt' in version `dinbold'
(Font)                  OT1/cmtt/m/n --> OT1/lunt/b/n on input line 8.
LaTeX Font Info:    Overwriting math alphabet `\mathcal' in version `dinbold'
(Font)                  > OMS/lmsy/b/n on input line 8.
LaTeX Font Info:    Try loading font information for T1+0m6 on input line 8.

(/usr/local/texlive/texmf-local/tex/latex/tudscr/fonts/t10m6.fd
File: t10m6.fd 2017/03/28 Fontinst v1.933 font definitions for T1/0m6.
)
LaTeX Font Info:    Try loading font information for OT1+0m6 on input line 8.

(/usr/local/texlive/texmf-local/tex/latex/tudscr/fonts/ot10m6.fd
File: ot10m6.fd 2017/03/28 Fontinst v1.933 font definitions for OT1/0m6.
)
LaTeX Font Info:    Try loading font information for OML+0m6 on input line 8.

(/usr/local/texlive/texmf-local/tex/latex/tudscr/fonts/oml0m6.fd
File: oml0m6.fd 2017/03/28 Fontinst v1.933 font definitions for OML/0m6.
)
LaTeX Font Info:    Try loading font information for OMS+0m6 on input line 8.

(/usr/local/texlive/texmf-local/tex/latex/tudscr/fonts/oms0m6.fd
File: oms0m6.fd 2017/03/28 Fontinst v1.933 font definitions for OMS/0m6.
)
LaTeX Font Info:    Try loading font information for OMX+iwona on input line 8.


(/usr/local/texlive/2016/texmf-dist/tex/latex/iwona/omxiwona.fd
File: omxiwona.fd 2008/07/22 v0.995 font definition file for OMX/iwona (MW)
)
LaTeX Font Info:    Try loading font information for OT1+lun on input line 8.

(/usr/local/texlive/texmf-local/tex/latex/tudscr/fonts/ot1lun.fd
File: ot1lun.fd 2017/03/28 Fontinst v1.933 font definitions for OT1/lun.
)
LaTeX Font Info:    Try loading font information for OML+lun on input line 8.

(/usr/local/texlive/texmf-local/tex/latex/tudscr/fonts/omllun.fd
File: omllun.fd 2017/03/28 Fontinst v1.933 font definitions for OML/lun.
)
LaTeX Font Info:    Try loading font information for OMS+lun on input line 8.

(/usr/local/texlive/texmf-local/tex/latex/tudscr/fonts/omslun.fd
File: omslun.fd 2017/03/28 Fontinst v1.933 font definitions for OMS/lun.
)
<TUD-black.pdf, id=1, 256.15298pt x 74.32167pt>
File: TUD-black.pdf Graphic file (type pdf)
 <use TUD-black.pdf>
Package pdftex.def Info: TUD-black.pdf used on input line 18.
(pdftex.def)             Requested size: 162.18016pt x 47.05765pt.

<TUD-blue.pdf, id=2, 256.15298pt x 74.32167pt>
File: TUD-blue.pdf Graphic file (type pdf)
 <use TUD-blue.pdf>
Package pdftex.def Info: TUD-blue.pdf used on input line 18.
(pdftex.def)             Requested size: 162.18016pt x 47.05765pt.

<TUD-white.pdf, id=3, 256.15298pt x 74.32167pt>
File: TUD-white.pdf Graphic file (type pdf)
 <use TUD-white.pdf>
Package pdftex.def Info: TUD-white.pdf used on input line 18.
(pdftex.def)             Requested size: 162.18016pt x 47.05765pt.

<DDC-24.pdf, id=4, 144.20576pt x 51.4994pt>
File: DDC-24.pdf Graphic file (type pdf)
 <use DDC-24.pdf>
Package pdftex.def Info: DDC-24.pdf used on input line 18.
(pdftex.def)             Requested size: 131.77533pt x 47.05765pt.

<DDC-27.pdf, id=5, 144.20576pt x 51.4994pt>
File: DDC-27.pdf Graphic file (type pdf)
 <use DDC-27.pdf>
Package pdftex.def Info: DDC-27.pdf used on input line 18.
(pdftex.def)             Requested size: 131.77533pt x 47.05765pt.

<DDC-30.pdf, id=6, 144.20576pt x 51.4994pt>
File: DDC-30.pdf Graphic file (type pdf)
 <use DDC-30.pdf>
Package pdftex.def Info: DDC-30.pdf used on input line 18.
(pdftex.def)             Requested size: 131.77533pt x 47.05765pt.

<DDC-22.pdf, id=7, 34.71169pt x 69.42436pt>
File: DDC-22.pdf Graphic file (type pdf)
 <use DDC-22.pdf>
Package pdftex.def Info: DDC-22.pdf used on input line 18.
(pdftex.def)             Requested size: 23.52893pt x 47.05765pt.

<DDC-25.pdf, id=8, 34.71169pt x 69.42436pt>
File: DDC-25.pdf Graphic file (type pdf)
 <use DDC-25.pdf>
Package pdftex.def Info: DDC-25.pdf used on input line 18.
(pdftex.def)             Requested size: 23.52893pt x 47.05765pt.

<DDC-28.pdf, id=9, 34.71169pt x 69.42436pt>
File: DDC-28.pdf Graphic file (type pdf)
 <use DDC-28.pdf>
Package pdftex.def Info: DDC-28.pdf used on input line 18.
(pdftex.def)             Requested size: 23.52893pt x 47.05765pt.
 [1{/usr/local/texlive/2016/texmf-var/fonts/map/pdftex/updmap/pdftex.map}




 </usr/local/texlive/2016/texmf-dist/tex/latex/tudscr/logo/TUD-black.pdf>] (./d
ocument.toc)
\tf@toc=\write3
\openout3 = `document.toc'.

 [2


]
\openout2 = `tex/preambel.aux'.


(./tex/preambel.tex) [3


] [4


] (./document.bbl) [5


] (./document.aux
(./tex/preambel.aux)) ) 
Here is how much of TeX's memory you used:
 16704 strings out of 493013
 335034 string characters out of 6133343
 562986 words of memory out of 5000000
 20064 multiletter control sequences out of 15000+600000
 110448 words of font info for 75 fonts, out of 8000000 for 9000
 1141 hyphenation exceptions out of 8191
 49i,19n,76p,10361b,595s stack positions out of 5000i,500n,10000p,200000b,80000s
{/usr/local/texlive/2016/texmf-dist/fonts/enc/dvips/base
/8r.enc}</usr/local/texlive/texmf-local/fonts/type1/tudscr/0m6b8a.pfb></usr/loc
al/texlive/texmf-local/fonts/type1/tudscr/lunb8a.pfb></usr/local/texlive/texmf-
local/fonts/type1/tudscr/lunl8a.pfb></usr/local/texlive/texmf-local/fonts/type1
/tudscr/lunlo8a.pfb></usr/local/texlive/texmf-local/fonts/type1/tudscr/lunr8a.p
fb>
Output written on document.pdf (5 pages, 100702 bytes).
PDF statistics:
 52 PDF objects out of 1000 (max. 8388607)
 30 compressed objects within 1 object stream
 0 named destinations out of 1000 (max. 500000)
 46 words of extra memory for PDF output out of 10000 (max. 10000000)

